<?xml version="1.0" encoding="UTF-8"?>
<testng-results ignored="0" total="1" passed="1" failed="0" skipped="0">
  <reporter-output>
  </reporter-output>
  <suite started-at="2025-02-18T23:42:01 IST" name="Suite" finished-at="2025-02-18T23:42:46 IST" duration-ms="45232">
    <groups>
    </groups>
    <test started-at="2025-02-18T23:42:01 IST" name="Test" finished-at="2025-02-18T23:42:46 IST" duration-ms="45232">
      <class name="testCases.LoginTest">
        <test-method is-config="true" signature="setup()[pri:0, instance:testCases.LoginTest@77659b30]" started-at="2025-02-18T23:42:01 IST" name="setup" finished-at="2025-02-18T23:42:11 IST" duration-ms="9800" status="PASS">
          <reporter-output>
          </reporter-output>
        </test-method> <!-- setup -->
        <test-method signature="naukriFieldChange()[pri:0, instance:testCases.LoginTest@77659b30]" started-at="2025-02-18T23:42:11 IST" name="naukriFieldChange" finished-at="2025-02-18T23:42:45 IST" duration-ms="34574" status="PASS">
          <reporter-output>
          </reporter-output>
        </test-method> <!-- naukriFieldChange -->
        <test-method is-config="true" signature="tearDown()[pri:0, instance:testCases.LoginTest@77659b30]" started-at="2025-02-18T23:42:45 IST" name="tearDown" finished-at="2025-02-18T23:42:46 IST" duration-ms="822" status="PASS">
          <reporter-output>
          </reporter-output>
        </test-method> <!-- tearDown -->
      </class> <!-- testCases.LoginTest -->
    </test> <!-- Test -->
  </suite> <!-- Suite -->
</testng-results>
