<?xml version="1.0" encoding="UTF-8"?>
<testng-results ignored="0" total="1" passed="1" failed="0" skipped="0">
  <reporter-output>
  </reporter-output>
  <suite started-at="2025-02-18T23:26:20 IST" name="Suite" finished-at="2025-02-18T23:27:06 IST" duration-ms="45494">
    <groups>
    </groups>
    <test started-at="2025-02-18T23:26:20 IST" name="Test" finished-at="2025-02-18T23:27:06 IST" duration-ms="45494">
      <class name="testCases.LoginTest">
        <test-method is-config="true" signature="setup()[pri:0, instance:testCases.LoginTest@28d18df5]" started-at="2025-02-18T23:26:20 IST" name="setup" finished-at="2025-02-18T23:26:30 IST" duration-ms="9487" status="PASS">
          <reporter-output>
          </reporter-output>
        </test-method> <!-- setup -->
        <test-method signature="naukriFieldChange()[pri:0, instance:testCases.LoginTest@28d18df5]" started-at="2025-02-18T23:26:30 IST" name="naukriFieldChange" finished-at="2025-02-18T23:27:05 IST" duration-ms="35178" status="PASS">
          <reporter-output>
          </reporter-output>
        </test-method> <!-- naukriFieldChange -->
        <test-method is-config="true" signature="tearDown()[pri:0, instance:testCases.LoginTest@28d18df5]" started-at="2025-02-18T23:27:05 IST" name="tearDown" finished-at="2025-02-18T23:27:06 IST" duration-ms="789" status="PASS">
          <reporter-output>
          </reporter-output>
        </test-method> <!-- tearDown -->
      </class> <!-- testCases.LoginTest -->
    </test> <!-- Test -->
  </suite> <!-- Suite -->
</testng-results>
