<?xml version="1.0" encoding="UTF-8"?>
<testng-results ignored="0" total="1" passed="1" failed="0" skipped="0">
  <reporter-output>
  </reporter-output>
  <suite started-at="2025-02-18T23:09:00 IST" name="Default suite" finished-at="2025-02-18T23:09:45 IST" duration-ms="45274">
    <groups>
    </groups>
    <test started-at="2025-02-18T23:09:00 IST" name="Default test" finished-at="2025-02-18T23:09:45 IST" duration-ms="45274">
      <class name="testCases.LoginTest">
        <test-method is-config="true" signature="setup()[pri:0, instance:testCases.LoginTest@27adc16e]" started-at="2025-02-18T23:09:00 IST" name="setup" finished-at="2025-02-18T23:09:09 IST" duration-ms="9052" status="PASS">
          <reporter-output>
          </reporter-output>
        </test-method> <!-- setup -->
        <test-method signature="naukriFieldChange()[pri:0, instance:testCases.LoginTest@27adc16e]" started-at="2025-02-18T23:09:09 IST" name="naukriFieldChange" finished-at="2025-02-18T23:09:45 IST" duration-ms="35353" status="PASS">
          <reporter-output>
          </reporter-output>
        </test-method> <!-- naukriFieldChange -->
        <test-method is-config="true" signature="tearDown()[pri:0, instance:testCases.LoginTest@27adc16e]" started-at="2025-02-18T23:09:45 IST" name="tearDown" finished-at="2025-02-18T23:09:45 IST" duration-ms="822" status="PASS">
          <reporter-output>
          </reporter-output>
        </test-method> <!-- tearDown -->
      </class> <!-- testCases.LoginTest -->
    </test> <!-- Default test -->
  </suite> <!-- Default suite -->
</testng-results>
